Determining if the pthread_create exist failed with the following output:
Change Dir: /home/csmajs/achad006/lab-05-strategy-pattern-coolkids/CMakeFiles/CMakeTmp

Run Build Command(s):/opt/rh/devtoolset-6/root/usr/bin/gmake cmTC_3f6c2/fast 
/opt/rh/devtoolset-6/root/usr/bin/gmake -f CMakeFiles/cmTC_3f6c2.dir/build.make CMakeFiles/cmTC_3f6c2.dir/build
gmake[1]: Entering directory '/home/csmajs/achad006/lab-05-strategy-pattern-coolkids/CMakeFiles/CMakeTmp'
Building C object CMakeFiles/cmTC_3f6c2.dir/CheckSymbolExists.c.o
/opt/rh/devtoolset-6/root/usr/bin/cc    -o CMakeFiles/cmTC_3f6c2.dir/CheckSymbolExists.c.o   -c /home/csmajs/achad006/lab-05-strategy-pattern-coolkids/CMakeFiles/CMakeTmp/CheckSymbolExists.c
Linking C executable cmTC_3f6c2
/usr/bin/cmake3 -E cmake_link_script CMakeFiles/cmTC_3f6c2.dir/link.txt --verbose=1
/opt/rh/devtoolset-6/root/usr/bin/cc      -rdynamic CMakeFiles/cmTC_3f6c2.dir/CheckSymbolExists.c.o  -o cmTC_3f6c2 
CMakeFiles/cmTC_3f6c2.dir/CheckSymbolExists.c.o: In function `main':
CheckSymbolExists.c:(.text+0x16): undefined reference to `pthread_create'
collect2: error: ld returned 1 exit status
CMakeFiles/cmTC_3f6c2.dir/build.make:86: recipe for target 'cmTC_3f6c2' failed
gmake[1]: *** [cmTC_3f6c2] Error 1
gmake[1]: Leaving directory '/home/csmajs/achad006/lab-05-strategy-pattern-coolkids/CMakeFiles/CMakeTmp'
Makefile:121: recipe for target 'cmTC_3f6c2/fast' failed
gmake: *** [cmTC_3f6c2/fast] Error 2

File /home/csmajs/achad006/lab-05-strategy-pattern-coolkids/CMakeFiles/CMakeTmp/CheckSymbolExists.c:
/* */
#include <pthread.h>

int main(int argc, char** argv)
{
  (void)argv;
#ifndef pthread_create
  return ((int*)(&pthread_create))[argc];
#else
  (void)argc;
  return 0;
#endif
}

Determining if the function pthread_create exists in the pthreads failed with the following output:
Change Dir: /home/csmajs/achad006/lab-05-strategy-pattern-coolkids/CMakeFiles/CMakeTmp

Run Build Command(s):/opt/rh/devtoolset-6/root/usr/bin/gmake cmTC_43a0d/fast 
/opt/rh/devtoolset-6/root/usr/bin/gmake -f CMakeFiles/cmTC_43a0d.dir/build.make CMakeFiles/cmTC_43a0d.dir/build
gmake[1]: Entering directory '/home/csmajs/achad006/lab-05-strategy-pattern-coolkids/CMakeFiles/CMakeTmp'
Building C object CMakeFiles/cmTC_43a0d.dir/CheckFunctionExists.c.o
/opt/rh/devtoolset-6/root/usr/bin/cc   -DCHECK_FUNCTION_EXISTS=pthread_create   -o CMakeFiles/cmTC_43a0d.dir/CheckFunctionExists.c.o   -c /usr/share/cmake3/Modules/CheckFunctionExists.c
Linking C executable cmTC_43a0d
/usr/bin/cmake3 -E cmake_link_script CMakeFiles/cmTC_43a0d.dir/link.txt --verbose=1
/opt/rh/devtoolset-6/root/usr/bin/cc  -DCHECK_FUNCTION_EXISTS=pthread_create    -rdynamic CMakeFiles/cmTC_43a0d.dir/CheckFunctionExists.c.o  -o cmTC_43a0d -lpthreads 
/opt/rh/devtoolset-6/root/usr/libexec/gcc/x86_64-redhat-linux/6.3.1/ld: cannot find -lpthreads
collect2: error: ld returned 1 exit status
CMakeFiles/cmTC_43a0d.dir/build.make:86: recipe for target 'cmTC_43a0d' failed
gmake[1]: *** [cmTC_43a0d] Error 1
gmake[1]: Leaving directory '/home/csmajs/achad006/lab-05-strategy-pattern-coolkids/CMakeFiles/CMakeTmp'
Makefile:121: recipe for target 'cmTC_43a0d/fast' failed
gmake: *** [cmTC_43a0d/fast] Error 2


